  Main.cpp
  JumpComponent.cpp
  GameEngine.cpp
C:\Users\Roberto\Desktop\Game\ContestGame\src\eng\GameEngine.cpp(21,15): warning C4244: 'argument': conversion from 'time_t' to 'unsigned int', possible loss of data
  SFMLEngine.cpp
C:\Users\Roberto\Desktop\Game\ContestGame\src\eng\sfml\SFMLEngine.cpp(93,61): warning C4244: 'argument': conversion from '_Ty' to 'sf::Uint8', possible loss of data
          with
          [
              _Ty=float
          ]
C:\Users\Roberto\Desktop\Game\ContestGame\src\eng\sfml\SFMLEngine.cpp(93,51): warning C4244: 'argument': conversion from '_Ty' to 'sf::Uint8', possible loss of data
          with
          [
              _Ty=float
          ]
C:\Users\Roberto\Desktop\Game\ContestGame\src\eng\sfml\SFMLEngine.cpp(93,41): warning C4244: 'argument': conversion from '_Ty' to 'sf::Uint8', possible loss of data
          with
          [
              _Ty=float
          ]
  EntityManager.cpp
  AttackSystem.cpp
  DeathSystem.cpp
  InputSystem.cpp
  PhysicsSystem.cpp
  StaticEntitiesSystem.cpp
  Utils.cpp
  Generating code
  45 of 1919 functions ( 2.3%) were compiled, the rest were copied from previous compilation.
    0 functions were new in current compilation
    14 functions had inline decision re-evaluated but remain unchanged
  Finished generating code
  Game.vcxproj -> C:\Users\Roberto\Desktop\Game\ContestGame\Release\Game.exe
